<?xml version="1.0" encoding="UTF-8"?>
<!-- Generated by org.testng.reporters.JUnitXMLReporter -->
<testsuite hostname="DESKTOP-42ER5TB" ignored="3" name="Test" tests="8" failures="2" timestamp="01 Apr 2018 02:57:41 GMT" time="0.437" errors="0">
  <testcase name="testVerifyProductsCount" time="0.015" classname="com.hybridFramework.examples.VerifyProductsCount">
    <skipped/>
  </testcase> <!-- testVerifyProductsCount -->
  <testcase name="testVerifyProductsCount" time="0.0" classname="com.hybridFramework.examples.VerifyProductsCount">
    <skipped/>
  </testcase> <!-- testVerifyProductsCount -->
  <testcase name="testVerifyProductsCount" time="0.0" classname="com.hybridFramework.examples.VerifyProductsCount">
    <skipped/>
  </testcase> <!-- testVerifyProductsCount -->
  <testcase name="testVerifyProductsCount" time="0.0" classname="com.hybridFramework.examples.VerifyProductsCount">
    <failure type="java.lang.NullPointerException">
      <![CDATA[java.lang.NullPointerException
	at com.hybridFramework.testBase.Config.getWebsite(Config.java:21)
	at com.hybridFramework.examples.VerifyProductsCount.testVerifyProductsCount(VerifyProductsCount.java:29)
	at sun.reflect.NativeMethodAccessorImpl.invoke0(Native Method)
	at sun.reflect.NativeMethodAccessorImpl.invoke(NativeMethodAccessorImpl.java:62)
	at sun.reflect.DelegatingMethodAccessorImpl.invoke(DelegatingMethodAccessorImpl.java:43)
	at java.lang.reflect.Method.invoke(Method.java:498)
	at org.testng.internal.MethodInvocationHelper.invokeMethod(MethodInvocationHelper.java:108)
	at org.testng.internal.Invoker.invokeMethod(Invoker.java:661)
	at org.testng.internal.Invoker.retryFailed(Invoker.java:1014)
	at org.testng.internal.Invoker.invokeTestMethods(Invoker.java:1215)
	at org.testng.internal.TestMethodWorker.invokeTestMethods(TestMethodWorker.java:126)
	at org.testng.internal.TestMethodWorker.run(TestMethodWorker.java:109)
	at org.testng.TestRunner.privateRun(TestRunner.java:744)
	at org.testng.TestRunner.run(TestRunner.java:602)
	at org.testng.SuiteRunner.runTest(SuiteRunner.java:380)
	at org.testng.SuiteRunner.access$000(SuiteRunner.java:39)
	at org.testng.SuiteRunner$SuiteWorker.run(SuiteRunner.java:414)
	at org.testng.internal.thread.ThreadUtil$1.call(ThreadUtil.java:52)
	at java.util.concurrent.FutureTask.run(FutureTask.java:266)
	at java.util.concurrent.ThreadPoolExecutor.runWorker(ThreadPoolExecutor.java:1142)
	at java.util.concurrent.ThreadPoolExecutor$Worker.run(ThreadPoolExecutor.java:617)
	at java.lang.Thread.run(Thread.java:748)
]]>
    </failure>
  </testcase> <!-- testVerifyProductsCount -->
  <testcase name="testPurchaseAProduct" time="0.0" classname="com.hybridFramework.productBuy.PurchaseAProduct">
    <skipped/>
  </testcase> <!-- testPurchaseAProduct -->
  <testcase name="testPurchaseAProduct" time="0.0" classname="com.hybridFramework.productBuy.PurchaseAProduct">
    <skipped/>
  </testcase> <!-- testPurchaseAProduct -->
  <testcase name="testPurchaseAProduct" time="0.0" classname="com.hybridFramework.productBuy.PurchaseAProduct">
    <skipped/>
  </testcase> <!-- testPurchaseAProduct -->
  <testcase name="testPurchaseAProduct" time="0.0" classname="com.hybridFramework.productBuy.PurchaseAProduct">
    <failure type="java.lang.NullPointerException">
      <![CDATA[java.lang.NullPointerException
	at com.hybridFramework.testBase.Config.getWebsite(Config.java:21)
	at com.hybridFramework.productBuy.PurchaseAProduct.testPurchaseAProduct(PurchaseAProduct.java:30)
	at sun.reflect.NativeMethodAccessorImpl.invoke0(Native Method)
	at sun.reflect.NativeMethodAccessorImpl.invoke(NativeMethodAccessorImpl.java:62)
	at sun.reflect.DelegatingMethodAccessorImpl.invoke(DelegatingMethodAccessorImpl.java:43)
	at java.lang.reflect.Method.invoke(Method.java:498)
	at org.testng.internal.MethodInvocationHelper.invokeMethod(MethodInvocationHelper.java:108)
	at org.testng.internal.Invoker.invokeMethod(Invoker.java:661)
	at org.testng.internal.Invoker.retryFailed(Invoker.java:1014)
	at org.testng.internal.Invoker.invokeTestMethods(Invoker.java:1215)
	at org.testng.internal.TestMethodWorker.invokeTestMethods(TestMethodWorker.java:126)
	at org.testng.internal.TestMethodWorker.run(TestMethodWorker.java:109)
	at org.testng.TestRunner.privateRun(TestRunner.java:744)
	at org.testng.TestRunner.run(TestRunner.java:602)
	at org.testng.SuiteRunner.runTest(SuiteRunner.java:380)
	at org.testng.SuiteRunner.access$000(SuiteRunner.java:39)
	at org.testng.SuiteRunner$SuiteWorker.run(SuiteRunner.java:414)
	at org.testng.internal.thread.ThreadUtil$1.call(ThreadUtil.java:52)
	at java.util.concurrent.FutureTask.run(FutureTask.java:266)
	at java.util.concurrent.ThreadPoolExecutor.runWorker(ThreadPoolExecutor.java:1142)
	at java.util.concurrent.ThreadPoolExecutor$Worker.run(ThreadPoolExecutor.java:617)
	at java.lang.Thread.run(Thread.java:748)
]]>
    </failure>
  </testcase> <!-- testPurchaseAProduct -->
  <testcase name="testLoginToApplication" time="0.0" classname="com.hybridFramework.examples.LoginToApplication">
    <ignored/>
  </testcase> <!-- testLoginToApplication -->
  <testcase name="testRegistration" time="0.0" classname="com.hybridFramework.examples.Registration">
    <ignored/>
  </testcase> <!-- testRegistration -->
  <testcase name="testVerifyLowestFirstPriceFilter" time="0.0" classname="com.hybridFramework.examples.VerifyLowestFirstPriceFilter">
    <ignored/>
  </testcase> <!-- testVerifyLowestFirstPriceFilter -->
</testsuite> <!-- Test -->
